25-03-12.22:24:39.528 [main            ] INFO  Application            - Starting Application using Java 17.0.14 on DESKTOP-OTHKHIA with PID 20788 (E:\CodeLab\Java\Personal\ai-code-review\ai-code-review-app\target\classes started by gongtao in E:\CodeLab\Java\Personal\ai-code-review)
25-03-12.22:24:39.530 [main            ] INFO  Application            - The following 1 profile is active: "dev"
25-03-12.22:24:39.971 [main            ] WARN  ClassPathMapperScanner - No MyBatis mapper was found in '[com.tao]' package. Please check your configuration.
25-03-12.22:24:40.307 [main            ] INFO  TomcatWebServer        - Tomcat initialized with port(s): 8091 (http)
25-03-12.22:24:40.317 [main            ] INFO  Http11NioProtocol      - Initializing ProtocolHandler ["http-nio-8091"]
25-03-12.22:24:40.318 [main            ] INFO  StandardService        - Starting service [Tomcat]
25-03-12.22:24:40.318 [main            ] INFO  StandardEngine         - Starting Servlet engine: [Apache Tomcat/9.0.75]
25-03-12.22:24:40.415 [main            ] INFO  [/]                    - Initializing Spring embedded WebApplicationContext
25-03-12.22:24:40.416 [main            ] INFO  ServletWebServerApplicationContext - Root WebApplicationContext: initialization completed in 851 ms
25-03-12.22:24:40.797 [main            ] INFO  Http11NioProtocol      - Starting ProtocolHandler ["http-nio-8091"]
25-03-12.22:24:40.813 [main            ] INFO  TomcatWebServer        - Tomcat started on port(s): 8091 (http) with context path ''
25-03-12.22:24:40.820 [main            ] INFO  Application            - Started Application in 1.67 seconds (JVM running for 2.167)
25-03-12.22:29:42.331 [main            ] INFO  Application            - Starting Application using Java 17.0.14 on DESKTOP-OTHKHIA with PID 19852 (E:\CodeLab\Java\Personal\ai-code-review\ai-code-review-app\target\classes started by gongtao in E:\CodeLab\Java\Personal\ai-code-review)
25-03-12.22:29:42.332 [main            ] INFO  Application            - The following 1 profile is active: "dev"
25-03-12.22:29:42.705 [main            ] WARN  ClassPathMapperScanner - No MyBatis mapper was found in '[com.tao]' package. Please check your configuration.
25-03-12.22:29:42.931 [main            ] INFO  TomcatWebServer        - Tomcat initialized with port(s): 8091 (http)
25-03-12.22:29:42.937 [main            ] INFO  Http11NioProtocol      - Initializing ProtocolHandler ["http-nio-8091"]
25-03-12.22:29:42.937 [main            ] INFO  StandardService        - Starting service [Tomcat]
25-03-12.22:29:42.937 [main            ] INFO  StandardEngine         - Starting Servlet engine: [Apache Tomcat/9.0.75]
25-03-12.22:29:43.004 [main            ] INFO  [/]                    - Initializing Spring embedded WebApplicationContext
25-03-12.22:29:43.004 [main            ] INFO  ServletWebServerApplicationContext - Root WebApplicationContext: initialization completed in 641 ms
25-03-12.22:29:43.334 [main            ] INFO  Http11NioProtocol      - Starting ProtocolHandler ["http-nio-8091"]
25-03-12.22:29:43.348 [main            ] INFO  TomcatWebServer        - Tomcat started on port(s): 8091 (http) with context path ''
25-03-12.22:29:43.354 [main            ] INFO  Application            - Started Application in 1.329 seconds (JVM running for 1.708)
25-03-12.22:32:14.969 [http-nio-8091-exec-3] INFO  [/]                    - Initializing Spring DispatcherServlet 'dispatcherServlet'
25-03-12.22:32:14.969 [http-nio-8091-exec-3] INFO  DispatcherServlet      - Initializing Servlet 'dispatcherServlet'
25-03-12.22:32:14.970 [http-nio-8091-exec-3] INFO  DispatcherServlet      - Completed initialization in 1 ms
25-03-12.22:34:11.944 [main            ] INFO  Application            - Starting Application using Java 17.0.14 on DESKTOP-OTHKHIA with PID 10504 (E:\CodeLab\Java\Personal\ai-code-review\ai-code-review-app\target\classes started by gongtao in E:\CodeLab\Java\Personal\ai-code-review)
25-03-12.22:34:11.946 [main            ] INFO  Application            - The following 1 profile is active: "dev"
25-03-12.22:34:12.287 [main            ] WARN  ClassPathMapperScanner - No MyBatis mapper was found in '[com.tao]' package. Please check your configuration.
25-03-12.22:34:12.526 [main            ] INFO  TomcatWebServer        - Tomcat initialized with port(s): 8091 (http)
25-03-12.22:34:12.532 [main            ] INFO  Http11NioProtocol      - Initializing ProtocolHandler ["http-nio-8091"]
25-03-12.22:34:12.532 [main            ] INFO  StandardService        - Starting service [Tomcat]
25-03-12.22:34:12.532 [main            ] INFO  StandardEngine         - Starting Servlet engine: [Apache Tomcat/9.0.75]
25-03-12.22:34:12.602 [main            ] INFO  [/]                    - Initializing Spring embedded WebApplicationContext
25-03-12.22:34:12.603 [main            ] INFO  ServletWebServerApplicationContext - Root WebApplicationContext: initialization completed in 629 ms
25-03-12.22:34:12.915 [main            ] INFO  Http11NioProtocol      - Starting ProtocolHandler ["http-nio-8091"]
25-03-12.22:34:12.929 [main            ] INFO  TomcatWebServer        - Tomcat started on port(s): 8091 (http) with context path ''
25-03-12.22:34:12.936 [main            ] INFO  Application            - Started Application in 1.279 seconds (JVM running for 1.643)
25-03-12.22:34:15.613 [http-nio-8091-exec-1] INFO  [/]                    - Initializing Spring DispatcherServlet 'dispatcherServlet'
25-03-12.22:34:15.613 [http-nio-8091-exec-1] INFO  DispatcherServlet      - Initializing Servlet 'dispatcherServlet'
25-03-12.22:34:15.613 [http-nio-8091-exec-1] INFO  DispatcherServlet      - Completed initialization in 0 ms
